2025-02-08 05:00:10,270 - INFO - This is an info message
2025-02-08 05:00:10,270 - INFO - Running just lint
2025-02-08 05:00:10,270 - INFO - Running <function <lambda> at 0x7184625a0400>
2025-02-08 05:00:10,270 - INFO - Running uv build
2025-02-08 05:00:10,270 - INFO - Running twine upload dist/danube-py3-none-any.whl
2025-02-08 05:00:32,700 - INFO - This is an info message
2025-02-08 05:01:10,331 - INFO - This is an info message
2025-02-08 05:01:18,813 - INFO - This is an info message
2025-02-08 05:01:27,328 - INFO - This is an info message
2025-02-08 05:01:38,662 - INFO - This is an info message
2025-02-08 05:01:38,663 - INFO - Running just lint
2025-02-08 05:01:38,663 - INFO - Running <function <lambda> at 0x7d3068ab6660>
2025-02-08 05:01:38,663 - INFO - Running uv build
2025-02-08 05:01:38,663 - INFO - Running twine upload dist/danube-py3-none-any.whl
2025-02-08 05:03:43,045 - INFO - This is an info message
2025-02-08 05:03:43,045 - INFO - Running just lint
2025-02-08 05:03:43,045 - INFO - Running <function <lambda> at 0x7727e86aa660>
2025-02-08 05:03:43,045 - INFO - Running uv build
2025-02-08 05:03:43,045 - INFO - Running twine upload dist/danube-py3-none-any.whl
2025-02-08 05:04:28,746 - INFO - This is an info message
2025-02-08 05:04:35,969 - INFO - This is an info message
2025-02-08 05:04:46,930 - INFO - This is an info message
2025-02-08 05:05:04,728 - INFO - This is an info message
2025-02-08 05:05:07,166 - INFO - Running just lint
2025-02-08 05:05:07,167 - INFO - Running <function <lambda> at 0x7475790aa8e0>
2025-02-08 05:05:07,167 - INFO - Running uv build
2025-02-08 05:05:07,167 - INFO - Running twine upload dist/danube-py3-none-any.whl
2025-02-08 05:05:11,808 - INFO - This is an info message
2025-02-08 05:05:11,808 - INFO - Running just lint
2025-02-08 05:05:11,808 - INFO - Running <function <lambda> at 0x74c53407a660>
2025-02-08 05:05:11,808 - INFO - Running uv build
2025-02-08 05:05:11,808 - INFO - Running twine upload dist/danube-py3-none-any.whl
2025-02-08 19:05:07,762 - INFO - This is an info message
2025-02-08 19:05:41,603 - INFO - Running just lint
2025-02-08 19:05:41,603 - INFO - Running <function <lambda> at 0x7a1a468a68e0>
2025-02-08 19:05:41,603 - INFO - Running uv build
2025-02-08 19:05:41,603 - INFO - Running twine upload dist/danube-py3-none-any.whl
2025-02-08 19:05:41,603 - INFO - Running docker build -t danube-py3-none-any .
